<?xml version="1.0" encoding="UTF-8"?>
<!-- Generated by org.testng.reporters.JUnitXMLReporter -->
<testsuite ignored="40" hostname="HCAH-L-PF19KTHT" failures="1" tests="80" name="Regression TCs" time="70.047" errors="0" timestamp="2021-03-02T18:49:51 IST">
  <testcase classname="CAS_API.SendOTP_TCs.TC_SendOTP_Valid_Mobile_Info" name="CheckResponseWithValidMobileNumber" time="2.257"/>
  <testcase classname="CAS_API.SendOTP_TCs.TC_SendOTP_Invalid_Mobile_Info" name="CheckResponseWithInvalidMobileNumber" time="1.511"/>
  <testcase classname="CAS_API.SendOTP_TCs.TC_SendOTP_Invalid_Empty_Mobile_Info" name="CheckResponseWithEmptyMobileNumber" time="0.714"/>
  <testcase classname="CAS_API.VerifyOTP_TCs.TC_VerifyOTP_Valid_Mobile_OTP_Info" name="CheckResponseWithValidMobile_ValidOTP" time="1.011"/>
  <testcase classname="CAS_API.VerifyOTP_TCs.TC_VerifyOTP_Valid_Mobile_Invalid_OTP_Info" name="CheckResponseWithValidMobile_InvalidOTP" time="0.691"/>
  <testcase classname="CAS_API.VerifyOTP_TCs.TC_VerifyOTP_Invalid_Empty_Mobile_Empty_OTP_Info" name="CheckResponseWithEmptyMobile_EmptyOTP" time="0.738"/>
  <testcase classname="CAS_API.Home.TC_Home_Invalid_Auth_Info" name="GetHome_CheckResponseWithInvalidAuth" time="0.777"/>
  <testcase classname="CAS_API.Home.TC_Home_Invalid_Auth_Info" name="GetHome_CheckResponseWithNoAuth" time="0.708"/>
  <testcase classname="CAS_API.Home.TC_Home_Valid_Auth_Info" name="GetHome_CheckResponseWithValidAuth" time="0.939"/>
  <testcase classname="CAS_API.States_TCs.TC_States_Valid_Auth_Info" name="CheckStatesResponseWithValidAuth" time="0.756"/>
  <testcase classname="CAS_API.States_TCs.TC_States_Invalid_Auth_Info" name="CheckStatesResponseWithInvalidAuth" time="0.655"/>
  <testcase classname="CAS_API.States_TCs.TC_States_Invalid_Auth_Info" name="CheckStatesResponseWithMissingAuth" time="0.643"/>
  <testcase classname="CAS_API.Cities_TCs.TC_City_Valid_Auth_Info" name="CheckCityResponseWithValidAuth" time="0.781"/>
  <testcase classname="CAS_API.Cities_TCs.TC_City_Invalid_Auth_Info" name="CheckCityResponseWithInvalidAuth" time="0.605"/>
  <testcase classname="CAS_API.Cities_TCs.TC_City_Invalid_Auth_Info" name="CheckCityResponseWithNoAuth" time="0.616"/>
  <testcase classname="CAS_API.Care_TCs.TC_Care_Lead_Valid_Auth_Info" name="checkLeadResponseWithValidAuth_EmptyPayload" time="0.819"/>
  <testcase classname="CAS_API.Care_TCs.TC_Care_Lead_Valid_Auth_Info" name="checkLeadResponseWithValidAuth_ValidPayload" time="4.243"/>
  <testcase classname="CAS_API.Care_TCs.TC_Care_Lead_Invalid_Auth_Info" name="checkLeadResponseWithInvalidAuth_EmptyPayload" time="0.733"/>
  <testcase classname="CAS_API.Care_TCs.TC_Care_Lead_Invalid_Auth_Info" name="checkLeadResponseWithInvalidAuth_ValidPayload" time="0.615"/>
  <testcase classname="CAS_API.Care_TCs.TC_Care_Lead_Invalid_Auth_Info" name="checkLeadResponseWithNoAuth_ValidPayload" time="0.912"/>
  <testcase classname="CAS_API.CaretakerRelations_TCs.TC_CareTaker_Valid_Auth_Info" name="CheckCareTakerResponseWithValidAuth" time="0.781"/>
  <testcase classname="CAS_API.CaretakerRelations_TCs.TC_CareTaker_Invalid_Auth_Info" name="CheckCareTakerResponseWithInvalidAuth" time="0.65"/>
  <testcase classname="CAS_API.CaretakerRelations_TCs.TC_CareTaker_Invalid_Auth_Info" name="CheckCareTakerResponseWithMissingAuth" time="0.645"/>
  <testcase classname="CAS_API.Patient_Details.Patient_Complete_Profile_TCs.TC_Patient_Complete_Profile_Invalid_Auth_Info" name="PostPatientCompleteProfile_CheckResponseWithInvalidAuth_InvalidPayload" time="0.609"/>
  <testcase classname="CAS_API.Patient_Details.Patient_Complete_Profile_TCs.TC_Patient_Complete_Profile_Invalid_Auth_Info" name="PostPatientCompleteProfile_CheckResponseWithInvalidAuth_ValidPayload" time="0.979"/>
  <testcase classname="CAS_API.Patient_Details.Patient_Complete_Profile_TCs.TC_Patient_Complete_Profile_Invalid_Auth_Info" name="PostPatientCompleteProfile_CheckResponseWithNoAuth_ValidPayload" time="0.61"/>
  <testcase classname="CAS_API.Patient_Details.Patient_Complete_Profile_TCs.TC_Patient_Complete_Profile_Valid_Auth_And_Data_Info" name="postPatientCompleteProfile_CheckResponseWithValidAuth_InValidPayload" time="0.729"/>
  <testcase classname="CAS_API.Patient_Details.Patient_Complete_Profile_TCs.TC_Patient_Complete_Profile_Valid_Auth_And_Data_Info" name="postPatientCompleteProfile_CheckResponseWithValidAuth_ValidPayload" time="1.753"/>
  <testcase classname="CAS_API.Patient_Details.Patient_Login_TCs.TC_PatientLogin_Invalid_Auth_Info" name="patientLogin_CheckResponseWithInvalidAuth_InvalidPayload" time="0.681"/>
  <testcase classname="CAS_API.Patient_Details.Patient_Login_TCs.TC_PatientLogin_Invalid_Auth_Info" name="patientLogin_CheckResponseWithNoAuth_ValidPayload" time="0.606"/>
  <testcase classname="CAS_API.Patient_Details.Patient_Login_TCs.TC_PatientLogin_Invalid_Auth_Info" name="patientLogin_CheckResponseWithInvalidAuth_ValidPayload" time="0.611"/>
  <testcase classname="CAS_API.Patient_Details.Patient_Login_TCs.TC_PatientLogin_Valid_Auth_And_Data_Info" name="patientLogin_CheckResponseWithValidAuth_WithInvalidPayload_Invalid_ProgramID" time="0.923"/>
  <testcase classname="CAS_API.Patient_Details.Patient_Login_TCs.TC_PatientLogin_Valid_Auth_And_Data_Info" name="patientLogin_CheckResponseWithValidAuth_ValidPayload" time="1.788"/>
  <testcase classname="CAS_API.Patient_Details.Patient_Login_TCs.TC_PatientLogin_Valid_Auth_And_Data_Info" name="patientLogin_CheckResponseWithValidAuth_InvalidPayload_Missing_ProgramID" time="0.999"/>
  <testcase classname="CAS_API.Patient_Details.Patient_Login_TCs.TC_PatientLogin_Valid_Auth_And_Data_Info" name="patientLogin_CheckResponseWithValidAuth_WithInvalidPayload_Missing_DeviceInfo" time="0.815"/>
  <testcase classname="CAS_API.Patient_Details.Patient_Profile_TCs.TC_GetPatientProfile_Invalid_Info" name="getPatientProfile_CheckResponseWithInvalidAuth" time="0.787"/>
  <testcase classname="CAS_API.Patient_Details.Patient_Profile_TCs.TC_GetPatientProfile_Invalid_Info" name="getPatientProfile_CheckResponseWithNoAuth" time="0.714"/>
  <testcase classname="CAS_API.Patient_Details.Patient_Profile_TCs.TC_GetPatientProfile_Valid_Auth_Info" name="getPatientProfile_CheckResponseWithValidAuth" time="1.907"/>
  <testcase classname="CAS_API.Patient_Details.Patient_Program_TCs.TC_PatientPrograms_Invalid_Auth_Info" name="GetPatientPrograms_CheckResponseWithInvalidAuth" time="0.749"/>
  <testcase classname="CAS_API.Patient_Details.Patient_Program_TCs.TC_PatientPrograms_Invalid_Auth_Info" name="GetPatientPrograms_CheckResponseWithNoAuth" time="0.716"/>
  <testcase classname="CAS_API.Patient_Details.Patient_Program_TCs.TC_PatientPrograms_Valid_Auth_Info" name="GetPatientPrograms_CheckResponseWithValidAuth" time="1.168"/>
  <testcase classname="CAS_API.Patient_Details.ProfilePicture_TCs.TC_ProfilePicture_Invalid_Auth_Info" name="UploadProfilePicture_CheckResponseWithInvalidAuth" time="1.231"/>
  <testcase classname="CAS_API.Patient_Details.ProfilePicture_TCs.TC_ProfilePicture_Invalid_Auth_Info" name="UploadProfilePicture_CheckResponseWithNoAuth" time="1.171"/>
  <testcase classname="CAS_API.Patient_Details.ProfilePicture_TCs.TC_ProfilePicture_Valid_Auth_Info" name="UploadProfilePicture_CheckResponseWithValidAuth_JPEGImage" time="1.952"/>
  <testcase classname="CAS_API.Patient_Details.ProfilePicture_TCs.TC_ProfilePicture_Valid_Auth_Info" name="UploadProfilePicture_CheckResponseWithValidAuth_PNGImage" time="1.308"/>
  <testcase classname="CAS_API.Patient_Details.ProfilePicture_TCs.TC_ProfilePicture_Valid_Auth_Info" name="UploadProfilePicture_CheckResponseWithValidAuth_InvalidPDFFile" time="0.567"/>
  <testcase classname="CAS_API.KPP.Get_History_TCs.TC_KPP_Get_History_Invalid_Auth_Info" name="CheckKPPHistoryResponseWithInvalidAuth" time="0.51"/>
  <testcase classname="CAS_API.KPP.Get_History_TCs.TC_KPP_Get_History_Invalid_Auth_Info" name="CheckKPPHistoryResponseWithMissingAuth" time="0.02">
    <failure type="java.lang.IllegalArgumentException" message="Invalid number of path parameters. Expected 1, was 0. Undefined path parameters are: module_id.">
      <![CDATA[java.lang.IllegalArgumentException: Invalid number of path parameters. Expected 1, was 0. Undefined path parameters are: module_id.
at org.codehaus.groovy.runtime.callsite.ConstructorSite$ConstructorSiteNoUnwrap.callConstructor(ConstructorSite.java:84)
at org.codehaus.groovy.runtime.callsite.CallSiteArray.defaultCallConstructor(CallSiteArray.java:59)
at org.codehaus.groovy.runtime.callsite.AbstractCallSite.callConstructor(AbstractCallSite.java:263)
at org.codehaus.groovy.runtime.callsite.AbstractCallSite.callConstructor(AbstractCallSite.java:277)
at io.restassured.internal.RequestSpecificationImpl.assertCorrectNumberOfPathParams(RequestSpecificationImpl.groovy:1248)
at groovy.lang.MetaMethod.doMethodInvoke(MetaMethod.java:323)
at groovy.lang.MetaClassImpl.invokeMethod(MetaClassImpl.java:1268)
at groovy.lang.MetaClassImpl.invokeMethod(MetaClassImpl.java:1035)
at groovy.lang.MetaClassImpl.invokeMethod(MetaClassImpl.java:819)
at groovy.lang.GroovyObject.invokeMethod(GroovyObject.java:39)
at org.codehaus.groovy.runtime.callsite.PogoInterceptableSite.call(PogoInterceptableSite.java:45)
at org.codehaus.groovy.runtime.callsite.PogoInterceptableSite.callCurrent(PogoInterceptableSite.java:55)
at org.codehaus.groovy.runtime.callsite.AbstractCallSite.callCurrent(AbstractCallSite.java:176)
at io.restassured.internal.RequestSpecificationImpl.sendRequest(RequestSpecificationImpl.groovy:1135)
at groovy.lang.MetaMethod.doMethodInvoke(MetaMethod.java:323)
at groovy.lang.MetaClassImpl.invokeMethod(MetaClassImpl.java:1268)
at groovy.lang.MetaClassImpl.invokeMethod(MetaClassImpl.java:1035)
at groovy.lang.MetaClassImpl.invokeMethod(MetaClassImpl.java:819)
at groovy.lang.GroovyObject.invokeMethod(GroovyObject.java:39)
at org.codehaus.groovy.runtime.callsite.PogoInterceptableSite.call(PogoInterceptableSite.java:45)
at org.codehaus.groovy.runtime.callsite.AbstractCallSite.call(AbstractCallSite.java:166)
at io.restassured.internal.filter.SendRequestFilter.filter(SendRequestFilter.groovy:30)
at io.restassured.filter.Filter$filter$0.call(Unknown Source)
at org.codehaus.groovy.runtime.callsite.CallSiteArray.defaultCall(CallSiteArray.java:47)
at io.restassured.filter.Filter$filter.call(Unknown Source)
at io.restassured.internal.filter.FilterContextImpl.next(FilterContextImpl.groovy:72)
at io.restassured.filter.time.TimingFilter.filter(TimingFilter.java:56)
at io.restassured.filter.Filter$filter.call(Unknown Source)
at org.codehaus.groovy.runtime.callsite.CallSiteArray.defaultCall(CallSiteArray.java:47)
at io.restassured.filter.Filter$filter$0.call(Unknown Source)
at io.restassured.internal.filter.FilterContextImpl.next(FilterContextImpl.groovy:72)
at io.restassured.filter.FilterContext$next.call(Unknown Source)
at io.restassured.internal.RequestSpecificationImpl.applyPathParamsAndSendRequest(RequestSpecificationImpl.groovy:1655)
at groovy.lang.MetaMethod.doMethodInvoke(MetaMethod.java:323)
at groovy.lang.MetaClassImpl.invokeMethod(MetaClassImpl.java:1268)
at groovy.lang.MetaClassImpl.invokeMethod(MetaClassImpl.java:1035)
at groovy.lang.MetaClassImpl.invokeMethod(MetaClassImpl.java:819)
at groovy.lang.GroovyObject.invokeMethod(GroovyObject.java:39)
at org.codehaus.groovy.runtime.callsite.PogoInterceptableSite.call(PogoInterceptableSite.java:45)
at org.codehaus.groovy.runtime.callsite.PogoInterceptableSite.callCurrent(PogoInterceptableSite.java:55)
at org.codehaus.groovy.runtime.callsite.AbstractCallSite.callCurrent(AbstractCallSite.java:203)
at io.restassured.internal.RequestSpecificationImpl.applyPathParamsAndSendRequest(RequestSpecificationImpl.groovy:1661)
at groovy.lang.MetaMethod.doMethodInvoke(MetaMethod.java:323)
at groovy.lang.MetaClassImpl.invokeMethod(MetaClassImpl.java:1268)
at groovy.lang.MetaClassImpl.invokeMethod(MetaClassImpl.java:1035)
at groovy.lang.MetaClassImpl.invokeMethod(MetaClassImpl.java:819)
at groovy.lang.GroovyObject.invokeMethod(GroovyObject.java:39)
at org.codehaus.groovy.runtime.callsite.PogoInterceptableSite.call(PogoInterceptableSite.java:45)
at org.codehaus.groovy.runtime.callsite.PogoInterceptableSite.callCurrent(PogoInterceptableSite.java:55)
at org.codehaus.groovy.runtime.callsite.AbstractCallSite.callCurrent(AbstractCallSite.java:203)
at io.restassured.internal.RequestSpecificationImpl.get(RequestSpecificationImpl.groovy:171)
at io.restassured.internal.RequestSpecificationImpl.get(RequestSpecificationImpl.groovy)
at CAS_API.KPP.Get_History_TCs.TC_KPP_Get_History_Invalid_Auth_Info.CheckKPPHistoryResponseWithMissingAuth(TC_KPP_Get_History_Invalid_Auth_Info.java:75)
at java.base/java.util.ArrayList.forEach(ArrayList.java:1511)
... Removed 50 stack frames]]>
    </failure>
  </testcase> <!-- CheckKPPHistoryResponseWithMissingAuth -->
  <testcase classname="CAS_API.KPP.Get_Questions_TCs.TC_KPP_Get_Questions_Invalid_Auth_Info" name="CheckKPPQuestionsResponseWithInvalidAuth" time="0.652"/>
  <testcase classname="CAS_API.KPP.Get_Questions_TCs.TC_KPP_Get_Questions_Invalid_Auth_Info" name="CheckKPPQuestionsResponseWithMissingAuth" time="0.611"/>
  <testcase classname="CAS_API.KPP.Post_Tracking_TCs.TC_KPP_Save_Tracking_Valid_Auth_Info" name="CheckKPPSaveTrackingResponseWithValidAuth_ValidBody" time="0.697"/>
  <testcase classname="CAS_API.KPP.Post_Tracking_TCs.TC_KPP_Save_Tracking_Valid_Auth_Info" name="CheckKPPSaveTrackingResponseWithValidAuth_NoBody" time="0.75"/>
  <testcase classname="CAS_API.KPP.Post_Tracking_TCs.TC_KPP_Save_Tracking_Invalid_Auth_Info" name="CheckKPPSaveTrackingResponseWithInvalidAuth" time="0.695"/>
  <testcase classname="CAS_API.KPP.Post_Tracking_TCs.TC_KPP_Save_Tracking_Invalid_Auth_Info" name="CheckKPPSaveTrackingResponseWithMissingAuth" time="0.717"/>
  <testcase classname="CAS_API.KPP.Update_Tracking_TCs.TC_KPP_Update_Tracking_Valid_Auth_Info" name="CheckKPPUpdateTrackingResponseWithValidAuth_ValidBody" time="0.797"/>
  <testcase classname="CAS_API.KPP.Update_Tracking_TCs.TC_KPP_Update_Tracking_Valid_Auth_Info" name="CheckKPPUpdateTrackingResponseWithValidAuth_NoBody" time="0.762"/>
  <testcase classname="CAS_API.KPP.Update_Tracking_TCs.TC_KPP_Update_Tracking_Invalid_Auth_Info" name="CheckKPPUpdateTrackingResponseWithInvalidAuth" time="0.687"/>
  <testcase classname="CAS_API.KPP.Update_Tracking_TCs.TC_KPP_Update_Tracking_Invalid_Auth_Info" name="CheckKPPUpdateTrackingResponseWithMissingAuth" time="0.711"/>
  <testcase classname="CAS_API.Learning_Content_TCs.TC_Learning_Content_Valid_Auth_Info" name="createLearningContent_CheckResponseWithEmptyPayload" time="0.635"/>
  <testcase classname="CAS_API.Learning_Content_TCs.TC_Learning_Content_Valid_Auth_Info" name="createLearningContent_CheckResponseWithValidPayload" time="0.773"/>
  <testcase classname="CAS_API.Learning_Content_TCs.TC_Learning_Content_Invalid_Auth_Info" name="CreateLearningContentCheckResponseWithInvalidAuth_EmptyPayload" time="0.733"/>
  <testcase classname="CAS_API.Learning_Content_TCs.TC_Learning_Content_Invalid_Auth_Info" name="CreateLearningContentCheckResponseWithInvalidAuth_ValidPayload" time="0.705"/>
  <testcase classname="CAS_API.Learning_Content_TCs.TC_Learning_Content_Invalid_Auth_Info" name="CreateLearningContentCheckResponseWithNoAuth_ValidPayload" time="0.72"/>
  <testcase classname="CAS_API.Program_Enrollment.DismissCard_TCs.TC_EnrollmentDismissCard_Valid_Auth_Info" name="EnrollmentDismissCard_CheckResponseWithValidAuth_WithEnrollementInfo" time="0.855"/>
  <testcase classname="CAS_API.Program_Enrollment.DismissCard_TCs.TC_EnrollmentDismissCard_Valid_Auth_Info" name="EnrollmentDismissCard_CheckResponseWithValidAuth_WithoutEnrollementInfo" time="1.003"/>
  <testcase classname="CAS_API.Program_Enrollment.EnrollmentSection_TCs.TC_EnrollmentSection_Valid_Auth_Info" name="EnrollmentSection_CheckResponseWithValidAuth" time="0.813"/>
  <testcase classname="CAS_API.Program_Enrollment.EnrollmentSection_TCs.TC_EnrollmentSection_Valid_Auth_Info" name="EnrollmentSection_CheckResponseWithValidAuth_With_400_BadRequest" time="0.619"/>
  <testcase classname="CAS_API.Program_Enrollment.EnrollmentSection_TCs.TC_EnrollmentSection_InvalidAuth_Info" name="EnrollmentSection_CheckResponseWithInvalidAuth" time="0.797"/>
  <testcase classname="CAS_API.Program_Enrollment.EnrollmentSection_TCs.TC_EnrollmentSection_InvalidAuth_Info" name="EnrollmentSection_CheckResponseWithNoAuth" time="0.612"/>
  <testcase classname="CAS_API.Program_Enrollment.SectionQuestions_TCs.TC_EnrollmentQuestionSection_InvalidAuth_Info" name="checkStatusCode" time="0.507"/>
  <testcase classname="CAS_API.Program_Enrollment.SectionQuestions_TCs.TC_EnrollmentQuestionSection_InvalidAuth_Info" name="EnrollmentQuestionSection_CheckResponseWithInvalidAuth" time="0.617"/>
  <testcase classname="CAS_API.Program_Enrollment.SectionQuestions_TCs.TC_EnrollmentQuestionSection_InvalidAuth_Info" name="EnrollmentQuestionSection_CheckResponseWithNoAuth" time="0.719"/>
  <testcase classname="CAS_API.Program_Enrollment.SectionQuestions_TCs.TC_EnrollmentQuestionSection_Valid_Auth_With_400_BadRequest_Info" name="checkResponseHeaders" time="0.59"/>
  <testcase classname="CAS_API.Program_Enrollment.SectionQuestions_TCs.TC_EnrollmentQuestionSection_Valid_Auth_With_400_BadRequest_Info" name="checkResponseTags" time="0.617"/>
  <testcase classname="CAS_API.Program_Enrollment.SectionQuestions_TCs.TC_EnrollmentQuestionSection_Valid_Auth_With_400_BadRequest_Info" name="checkStatusCode" time="0.71"/>
  <testcase classname="CAS_API.Program_Enrollment.SubmitAnswers_TCs.TC_Enrollment_Submit_Answers_Valid_Auth_Info" name="Enrollment_Submit_Answers_With_Valid_Auth_Empty_Payload" time="0.88"/>
  <testcase classname="CAS_API.Program_Enrollment.SubmitAnswers_TCs.TC_Enrollment_Submit_Answers_Valid_Auth_Info" name="Enrollment_Submit_Answers_With_Valid_Auth_Valid_Payload" time="0.861"/>
  <testcase classname="CAS_API.Program_Enrollment.SubmitAnswers_TCs.TC_Enrollment_Submit_Answers_InvalidAuth_Info" name="Enrollment_Submit_Answers_With_Invalid_Auth_Invalid_Payload" time="0.628"/>
  <testcase classname="CAS_API.Program_Enrollment.SubmitAnswers_TCs.TC_Enrollment_Submit_Answers_InvalidAuth_Info" name="Enrollment_Submit_Answers_With_Invalid_Auth_Valid_Payload" time="0.807"/>
  <testcase classname="CAS_API.Program_Enrollment.SubmitAnswers_TCs.TC_Enrollment_Submit_Answers_InvalidAuth_Info" name="Enrollment_Submit_Answers_With_No_Auth_Valid_Payload" time="0.611"/>
  <testcase classname="baseTest.BaseTest" name="@BeforeSuite baseTest" time="0.0">
    <ignored/>
  </testcase> <!-- @BeforeSuite baseTest -->
  <testcase classname="baseTest.BaseTest" name="@BeforeSuite baseTest" time="0.0">
    <ignored/>
  </testcase> <!-- @BeforeSuite baseTest -->
  <testcase classname="baseTest.BaseTest" name="@BeforeSuite baseTest" time="0.0">
    <ignored/>
  </testcase> <!-- @BeforeSuite baseTest -->
  <testcase classname="baseTest.BaseTest" name="@BeforeSuite baseTest" time="0.0">
    <ignored/>
  </testcase> <!-- @BeforeSuite baseTest -->
  <testcase classname="baseTest.BaseTest" name="@BeforeSuite baseTest" time="0.0">
    <ignored/>
  </testcase> <!-- @BeforeSuite baseTest -->
  <testcase classname="baseTest.BaseTest" name="@BeforeSuite baseTest" time="0.0">
    <ignored/>
  </testcase> <!-- @BeforeSuite baseTest -->
  <testcase classname="baseTest.BaseTest" name="@BeforeSuite baseTest" time="0.0">
    <ignored/>
  </testcase> <!-- @BeforeSuite baseTest -->
  <testcase classname="baseTest.BaseTest" name="@BeforeSuite baseTest" time="0.0">
    <ignored/>
  </testcase> <!-- @BeforeSuite baseTest -->
  <testcase classname="baseTest.BaseTest" name="@BeforeSuite baseTest" time="0.0">
    <ignored/>
  </testcase> <!-- @BeforeSuite baseTest -->
  <testcase classname="baseTest.BaseTest" name="@BeforeSuite baseTest" time="0.0">
    <ignored/>
  </testcase> <!-- @BeforeSuite baseTest -->
  <testcase classname="baseTest.BaseTest" name="@BeforeSuite baseTest" time="0.0">
    <ignored/>
  </testcase> <!-- @BeforeSuite baseTest -->
  <testcase classname="baseTest.BaseTest" name="@BeforeSuite baseTest" time="0.0">
    <ignored/>
  </testcase> <!-- @BeforeSuite baseTest -->
  <testcase classname="baseTest.BaseTest" name="@BeforeSuite baseTest" time="0.0">
    <ignored/>
  </testcase> <!-- @BeforeSuite baseTest -->
  <testcase classname="baseTest.BaseTest" name="@BeforeSuite baseTest" time="0.0">
    <ignored/>
  </testcase> <!-- @BeforeSuite baseTest -->
  <testcase classname="baseTest.BaseTest" name="@BeforeSuite baseTest" time="0.0">
    <ignored/>
  </testcase> <!-- @BeforeSuite baseTest -->
  <testcase classname="baseTest.BaseTest" name="@BeforeSuite baseTest" time="0.0">
    <ignored/>
  </testcase> <!-- @BeforeSuite baseTest -->
  <testcase classname="baseTest.BaseTest" name="@BeforeSuite baseTest" time="0.0">
    <ignored/>
  </testcase> <!-- @BeforeSuite baseTest -->
  <testcase classname="baseTest.BaseTest" name="@BeforeSuite baseTest" time="0.0">
    <ignored/>
  </testcase> <!-- @BeforeSuite baseTest -->
  <testcase classname="baseTest.BaseTest" name="@BeforeSuite baseTest" time="0.0">
    <ignored/>
  </testcase> <!-- @BeforeSuite baseTest -->
  <testcase classname="baseTest.BaseTest" name="@BeforeSuite baseTest" time="0.0">
    <ignored/>
  </testcase> <!-- @BeforeSuite baseTest -->
  <testcase classname="baseTest.BaseTest" name="@BeforeSuite baseTest" time="0.0">
    <ignored/>
  </testcase> <!-- @BeforeSuite baseTest -->
  <testcase classname="baseTest.BaseTest" name="@BeforeSuite baseTest" time="0.0">
    <ignored/>
  </testcase> <!-- @BeforeSuite baseTest -->
  <testcase classname="baseTest.BaseTest" name="@BeforeSuite baseTest" time="0.0">
    <ignored/>
  </testcase> <!-- @BeforeSuite baseTest -->
  <testcase classname="baseTest.BaseTest" name="@BeforeSuite baseTest" time="0.0">
    <ignored/>
  </testcase> <!-- @BeforeSuite baseTest -->
  <testcase classname="baseTest.BaseTest" name="@BeforeSuite baseTest" time="0.0">
    <ignored/>
  </testcase> <!-- @BeforeSuite baseTest -->
  <testcase classname="baseTest.BaseTest" name="@BeforeSuite baseTest" time="0.0">
    <ignored/>
  </testcase> <!-- @BeforeSuite baseTest -->
  <testcase classname="baseTest.BaseTest" name="@BeforeSuite baseTest" time="0.0">
    <ignored/>
  </testcase> <!-- @BeforeSuite baseTest -->
  <testcase classname="baseTest.BaseTest" name="@BeforeSuite baseTest" time="0.0">
    <ignored/>
  </testcase> <!-- @BeforeSuite baseTest -->
  <testcase classname="baseTest.BaseTest" name="@BeforeSuite baseTest" time="0.0">
    <ignored/>
  </testcase> <!-- @BeforeSuite baseTest -->
  <testcase classname="baseTest.BaseTest" name="@BeforeSuite baseTest" time="0.0">
    <ignored/>
  </testcase> <!-- @BeforeSuite baseTest -->
  <testcase classname="baseTest.BaseTest" name="@BeforeSuite baseTest" time="0.0">
    <ignored/>
  </testcase> <!-- @BeforeSuite baseTest -->
  <testcase classname="baseTest.BaseTest" name="@BeforeSuite baseTest" time="0.0">
    <ignored/>
  </testcase> <!-- @BeforeSuite baseTest -->
  <testcase classname="baseTest.BaseTest" name="@BeforeSuite baseTest" time="0.0">
    <ignored/>
  </testcase> <!-- @BeforeSuite baseTest -->
  <testcase classname="baseTest.BaseTest" name="@BeforeSuite baseTest" time="0.0">
    <ignored/>
  </testcase> <!-- @BeforeSuite baseTest -->
  <testcase classname="baseTest.BaseTest" name="@BeforeSuite baseTest" time="0.0">
    <ignored/>
  </testcase> <!-- @BeforeSuite baseTest -->
  <testcase classname="baseTest.BaseTest" name="@BeforeSuite baseTest" time="0.0">
    <ignored/>
  </testcase> <!-- @BeforeSuite baseTest -->
  <testcase classname="baseTest.BaseTest" name="@BeforeSuite baseTest" time="0.0">
    <ignored/>
  </testcase> <!-- @BeforeSuite baseTest -->
  <testcase classname="baseTest.BaseTest" name="@BeforeSuite baseTest" time="0.0">
    <ignored/>
  </testcase> <!-- @BeforeSuite baseTest -->
  <testcase classname="baseTest.BaseTest" name="@BeforeSuite baseTest" time="0.0">
    <ignored/>
  </testcase> <!-- @BeforeSuite baseTest -->
  <testcase classname="baseTest.BaseTest" name="@BeforeSuite baseTest" time="0.0">
    <ignored/>
  </testcase> <!-- @BeforeSuite baseTest -->
</testsuite> <!-- Regression TCs -->
